2020-12-01 01:42:20,439  INFO:	sql::sql_query:83	-	Query: select * from team_cw;
2020-12-01 01:42:20,445  INFO:	sql::sql_execute:103	-	Execute: replace into odd (game_date, home_team_id, pull_date, pull_hour, odds_type, odds_home, odds_away) values (20201202, 20, 20201201, 1, "H2H", 1.2149999999999999, 5.050000000000001);
2020-12-01 01:43:38,352  INFO:	sql::sql_query:83	-	Query: select * from team_cw;
2020-12-01 01:43:38,360  INFO:	sql::sql_execute:103	-	Execute: replace into odd (game_date, home_team_id, pull_date, pull_hour, odds_type, odds_home, odds_away) values (20201202, 20, 20201201, 1, "H2H", 1.2149999999999999, 5.050000000000001);
2020-12-01 01:43:38,537  INFO:	sql::sql_execute:103	-	Execute: replace into odd (game_date, home_team_id, pull_date, pull_hour, odds_type, odds_home, odds_away) values (20201206, 25, 20201201, 1, "H2H", 2.3657142857142857, 1.6292857142857144);
2020-12-01 01:43:38,734  INFO:	sql::sql_execute:103	-	Execute: replace into odd (game_date, home_team_id, pull_date, pull_hour, odds_type, odds_home, odds_away) values (20201206, 22, 20201201, 1, "H2H", 1.1779999999999997, 5.227333333333333);
2020-12-01 01:43:39,564  INFO:	sql::sql_execute:103	-	Execute: replace into odd (game_date, home_team_id, pull_date, pull_hour, odds_type, odds_home, odds_away) values (20201206, 28, 20201201, 1, "H2H", 1.3986666666666665, 3.0773333333333333);
2020-12-01 01:43:39,750  INFO:	sql::sql_execute:103	-	Execute: replace into odd (game_date, home_team_id, pull_date, pull_hour, odds_type, odds_home, odds_away) values (20201206, 4, 20201201, 1, "H2H", 1.2307142857142856, 4.386428571428572);
2020-12-01 01:43:39,933  INFO:	sql::sql_execute:103	-	Execute: replace into odd (game_date, home_team_id, pull_date, pull_hour, odds_type, odds_home, odds_away) values (20201206, 9, 20201201, 1, "H2H", 2.527142857142857, 1.5657142857142858);
2020-12-01 01:43:40,134  INFO:	sql::sql_execute:103	-	Execute: replace into odd (game_date, home_team_id, pull_date, pull_hour, odds_type, odds_home, odds_away) values (20201206, 24, 20201201, 1, "H2H", 3.8707142857142856, 1.2764285714285712);
2020-12-01 01:43:40,319  INFO:	sql::sql_execute:103	-	Execute: replace into odd (game_date, home_team_id, pull_date, pull_hour, odds_type, odds_home, odds_away) values (20201206, 2, 20201201, 1, "H2H", 1.5873333333333333, 2.4566666666666666);
2020-12-01 01:43:40,516  INFO:	sql::sql_execute:103	-	Execute: replace into odd (game_date, home_team_id, pull_date, pull_hour, odds_type, odds_home, odds_away) values (20201206, 16, 20201201, 1, "H2H", 1.225, 2.77);
2020-12-01 01:43:40,704  INFO:	sql::sql_execute:103	-	Execute: replace into odd (game_date, home_team_id, pull_date, pull_hour, odds_type, odds_home, odds_away) values (20201206, 13, 20201201, 1, "H2H", 2.2935714285714286, 1.6621428571428574);
2020-12-01 01:43:40,883  INFO:	sql::sql_execute:103	-	Execute: replace into odd (game_date, home_team_id, pull_date, pull_hour, odds_type, odds_home, odds_away) values (20201206, 32, 20201201, 1, "H2H", 1.918, 1.922);
2020-12-01 01:43:41,068  INFO:	sql::sql_execute:103	-	Execute: replace into odd (game_date, home_team_id, pull_date, pull_hour, odds_type, odds_home, odds_away) values (20201206, 30, 20201201, 1, "H2H", 1.120909090909091, 6.242727272727273);
2020-12-01 01:43:41,257  INFO:	sql::sql_execute:103	-	Execute: replace into odd (game_date, home_team_id, pull_date, pull_hour, odds_type, odds_home, odds_away) values (20201207, 20, 20201201, 1, "H2H", 1.21, 2.87);
2020-12-01 01:43:41,442  INFO:	sql::sql_execute:103	-	Execute: replace into odd (game_date, home_team_id, pull_date, pull_hour, odds_type, odds_home, odds_away) values (20201207, 15, 20201201, 1, "H2H", 2.2670000000000003, 1.6079999999999999);
2020-12-01 01:43:41,637  INFO:	sql::sql_execute:103	-	Execute: replace into odd (game_date, home_team_id, pull_date, pull_hour, odds_type, odds_home, odds_away) values (20201202, 20, 20201201, 1, "SPREAD", -10.5, 10.5);
2020-12-01 01:43:41,827  INFO:	sql::sql_execute:103	-	Execute: replace into odd (game_date, home_team_id, pull_date, pull_hour, odds_type, odds_home, odds_away) values (20201206, 25, 20201201, 1, "SPREAD", 3.0, -3.0);
2020-12-01 01:43:42,018  INFO:	sql::sql_execute:103	-	Execute: replace into odd (game_date, home_team_id, pull_date, pull_hour, odds_type, odds_home, odds_away) values (20201206, 22, 20201201, 1, "SPREAD", -11.166666666666666, 11.166666666666666);
2020-12-01 01:43:42,207  INFO:	sql::sql_execute:103	-	Execute: replace into odd (game_date, home_team_id, pull_date, pull_hour, odds_type, odds_home, odds_away) values (20201206, 28, 20201201, 1, "SPREAD", -5.5, 5.5);
2020-12-01 01:43:42,400  INFO:	sql::sql_execute:103	-	Execute: replace into odd (game_date, home_team_id, pull_date, pull_hour, odds_type, odds_home, odds_away) values (20201206, 4, 20201201, 1, "SPREAD", -9.428571428571429, 9.428571428571429);
2020-12-01 01:43:42,593  INFO:	sql::sql_execute:103	-	Execute: replace into odd (game_date, home_team_id, pull_date, pull_hour, odds_type, odds_home, odds_away) values (20201206, 9, 20201201, 1, "SPREAD", 3.0714285714285716, -3.0714285714285716);
2020-12-01 01:43:42,783  INFO:	sql::sql_execute:103	-	Execute: replace into odd (game_date, home_team_id, pull_date, pull_hour, odds_type, odds_home, odds_away) values (20201206, 24, 20201201, 1, "SPREAD", 7.571428571428571, -7.571428571428571);
2020-12-01 01:43:42,995  INFO:	sql::sql_execute:103	-	Execute: replace into odd (game_date, home_team_id, pull_date, pull_hour, odds_type, odds_home, odds_away) values (20201206, 2, 20201201, 1, "SPREAD", -3.066666666666667, 3.066666666666667);
2020-12-01 01:43:43,191  INFO:	sql::sql_execute:103	-	Execute: replace into odd (game_date, home_team_id, pull_date, pull_hour, odds_type, odds_home, odds_away) values (20201206, 16, 20201201, 1, "SPREAD", -9.5, 9.5);
2020-12-01 01:43:43,385  INFO:	sql::sql_execute:103	-	Execute: replace into odd (game_date, home_team_id, pull_date, pull_hour, odds_type, odds_home, odds_away) values (20201206, 13, 20201201, 1, "SPREAD", 2.8214285714285716, -2.8214285714285716);
2020-12-01 01:43:43,542  INFO:	sql::sql_execute:103	-	Execute: replace into odd (game_date, home_team_id, pull_date, pull_hour, odds_type, odds_home, odds_away) values (20201206, 32, 20201201, 1, "SPREAD", -0.46153846153846156, 0.46153846153846156);
2020-12-01 01:43:43,725  INFO:	sql::sql_execute:103	-	Execute: replace into odd (game_date, home_team_id, pull_date, pull_hour, odds_type, odds_home, odds_away) values (20201206, 30, 20201201, 1, "SPREAD", -13.708333333333334, 13.708333333333334);
2020-12-01 01:43:43,893  INFO:	sql::sql_execute:103	-	Execute: replace into odd (game_date, home_team_id, pull_date, pull_hour, odds_type, odds_home, odds_away) values (20201207, 20, 20201201, 1, "SPREAD", -9.5, 9.5);
2020-12-01 01:43:44,049  INFO:	sql::sql_execute:103	-	Execute: replace into odd (game_date, home_team_id, pull_date, pull_hour, odds_type, odds_home, odds_away) values (20201207, 15, 20201201, 1, "SPREAD", 2.5454545454545454, -2.5454545454545454);
2020-12-01 01:45:37,263  INFO:	sql::sql_query:83	-	Query: select * from team_cw;
2020-12-01 01:45:37,270  INFO:	sql::sql_execute:103	-	Execute: replace into odd (game_date, home_team_id, pull_date, pull_hour, odds_type, odds_home, odds_away) values (20201202, 20, 20201201, 1, "H2H", 1.2149999999999999, 5.050000000000001);
2020-12-01 01:45:37,513  INFO:	sql::sql_execute:103	-	Execute: replace into odd (game_date, home_team_id, pull_date, pull_hour, odds_type, odds_home, odds_away) values (20201206, 25, 20201201, 1, "H2H", 2.3657142857142857, 1.6292857142857144);
2020-12-01 01:45:37,697  INFO:	sql::sql_execute:103	-	Execute: replace into odd (game_date, home_team_id, pull_date, pull_hour, odds_type, odds_home, odds_away) values (20201206, 22, 20201201, 1, "H2H", 1.1779999999999997, 5.227333333333333);
2020-12-01 01:45:37,854  INFO:	sql::sql_execute:103	-	Execute: replace into odd (game_date, home_team_id, pull_date, pull_hour, odds_type, odds_home, odds_away) values (20201206, 28, 20201201, 1, "H2H", 1.3986666666666665, 3.0773333333333333);
2020-12-01 01:45:38,038  INFO:	sql::sql_execute:103	-	Execute: replace into odd (game_date, home_team_id, pull_date, pull_hour, odds_type, odds_home, odds_away) values (20201206, 4, 20201201, 1, "H2H", 1.2307142857142856, 4.386428571428572);
2020-12-01 01:45:38,195  INFO:	sql::sql_execute:103	-	Execute: replace into odd (game_date, home_team_id, pull_date, pull_hour, odds_type, odds_home, odds_away) values (20201206, 9, 20201201, 1, "H2H", 2.527142857142857, 1.5657142857142858);
2020-12-01 01:45:38,370  INFO:	sql::sql_execute:103	-	Execute: replace into odd (game_date, home_team_id, pull_date, pull_hour, odds_type, odds_home, odds_away) values (20201206, 24, 20201201, 1, "H2H", 3.8707142857142856, 1.2764285714285712);
2020-12-01 01:45:38,545  INFO:	sql::sql_execute:103	-	Execute: replace into odd (game_date, home_team_id, pull_date, pull_hour, odds_type, odds_home, odds_away) values (20201206, 2, 20201201, 1, "H2H", 1.5873333333333333, 2.4566666666666666);
2020-12-01 01:45:38,720  INFO:	sql::sql_execute:103	-	Execute: replace into odd (game_date, home_team_id, pull_date, pull_hour, odds_type, odds_home, odds_away) values (20201206, 16, 20201201, 1, "H2H", 1.225, 2.77);
2020-12-01 01:45:38,894  INFO:	sql::sql_execute:103	-	Execute: replace into odd (game_date, home_team_id, pull_date, pull_hour, odds_type, odds_home, odds_away) values (20201206, 13, 20201201, 1, "H2H", 2.2935714285714286, 1.6621428571428574);
2020-12-01 01:45:39,069  INFO:	sql::sql_execute:103	-	Execute: replace into odd (game_date, home_team_id, pull_date, pull_hour, odds_type, odds_home, odds_away) values (20201206, 32, 20201201, 1, "H2H", 1.918, 1.922);
2020-12-01 01:45:39,244  INFO:	sql::sql_execute:103	-	Execute: replace into odd (game_date, home_team_id, pull_date, pull_hour, odds_type, odds_home, odds_away) values (20201206, 30, 20201201, 1, "H2H", 1.120909090909091, 6.242727272727273);
2020-12-01 01:45:39,422  INFO:	sql::sql_execute:103	-	Execute: replace into odd (game_date, home_team_id, pull_date, pull_hour, odds_type, odds_home, odds_away) values (20201207, 20, 20201201, 1, "H2H", 1.21, 2.87);
2020-12-01 01:45:39,603  INFO:	sql::sql_execute:103	-	Execute: replace into odd (game_date, home_team_id, pull_date, pull_hour, odds_type, odds_home, odds_away) values (20201207, 15, 20201201, 1, "H2H", 2.2670000000000003, 1.6079999999999999);
2020-12-01 01:45:39,789  INFO:	sql::sql_execute:103	-	Execute: replace into odd (game_date, home_team_id, pull_date, pull_hour, odds_type, odds_home, odds_away) values (20201202, 20, 20201201, 1, "SPREAD", -10.5, 10.5);
2020-12-01 01:45:39,968  INFO:	sql::sql_execute:103	-	Execute: replace into odd (game_date, home_team_id, pull_date, pull_hour, odds_type, odds_home, odds_away) values (20201206, 25, 20201201, 1, "SPREAD", 3.0, -3.0);
2020-12-01 01:45:40,169  INFO:	sql::sql_execute:103	-	Execute: replace into odd (game_date, home_team_id, pull_date, pull_hour, odds_type, odds_home, odds_away) values (20201206, 22, 20201201, 1, "SPREAD", -11.166666666666666, 11.166666666666666);
2020-12-01 01:45:40,346  INFO:	sql::sql_execute:103	-	Execute: replace into odd (game_date, home_team_id, pull_date, pull_hour, odds_type, odds_home, odds_away) values (20201206, 28, 20201201, 1, "SPREAD", -5.5, 5.5);
2020-12-01 01:45:40,511  INFO:	sql::sql_execute:103	-	Execute: replace into odd (game_date, home_team_id, pull_date, pull_hour, odds_type, odds_home, odds_away) values (20201206, 4, 20201201, 1, "SPREAD", -9.428571428571429, 9.428571428571429);
2020-12-01 01:45:40,703  INFO:	sql::sql_execute:103	-	Execute: replace into odd (game_date, home_team_id, pull_date, pull_hour, odds_type, odds_home, odds_away) values (20201206, 9, 20201201, 1, "SPREAD", 3.0714285714285716, -3.0714285714285716);
2020-12-01 01:45:40,895  INFO:	sql::sql_execute:103	-	Execute: replace into odd (game_date, home_team_id, pull_date, pull_hour, odds_type, odds_home, odds_away) values (20201206, 24, 20201201, 1, "SPREAD", 7.571428571428571, -7.571428571428571);
2020-12-01 01:45:41,088  INFO:	sql::sql_execute:103	-	Execute: replace into odd (game_date, home_team_id, pull_date, pull_hour, odds_type, odds_home, odds_away) values (20201206, 2, 20201201, 1, "SPREAD", -3.066666666666667, 3.066666666666667);
2020-12-01 01:45:41,262  INFO:	sql::sql_execute:103	-	Execute: replace into odd (game_date, home_team_id, pull_date, pull_hour, odds_type, odds_home, odds_away) values (20201206, 16, 20201201, 1, "SPREAD", -9.5, 9.5);
2020-12-01 01:45:41,453  INFO:	sql::sql_execute:103	-	Execute: replace into odd (game_date, home_team_id, pull_date, pull_hour, odds_type, odds_home, odds_away) values (20201206, 13, 20201201, 1, "SPREAD", 2.8214285714285716, -2.8214285714285716);
2020-12-01 01:45:41,625  INFO:	sql::sql_execute:103	-	Execute: replace into odd (game_date, home_team_id, pull_date, pull_hour, odds_type, odds_home, odds_away) values (20201206, 32, 20201201, 1, "SPREAD", -0.46153846153846156, 0.46153846153846156);
2020-12-01 01:45:41,812  INFO:	sql::sql_execute:103	-	Execute: replace into odd (game_date, home_team_id, pull_date, pull_hour, odds_type, odds_home, odds_away) values (20201206, 30, 20201201, 1, "SPREAD", -13.708333333333334, 13.708333333333334);
2020-12-01 01:45:42,000  INFO:	sql::sql_execute:103	-	Execute: replace into odd (game_date, home_team_id, pull_date, pull_hour, odds_type, odds_home, odds_away) values (20201207, 20, 20201201, 1, "SPREAD", -9.5, 9.5);
2020-12-01 01:45:42,162  INFO:	sql::sql_execute:103	-	Execute: replace into odd (game_date, home_team_id, pull_date, pull_hour, odds_type, odds_home, odds_away) values (20201207, 15, 20201201, 1, "SPREAD", 2.5454545454545454, -2.5454545454545454);
2020-12-01 01:49:00,043  INFO:	sql::sql_query:83	-	Query: select * from team_cw;
2020-12-01 01:49:00,050  INFO:	sql::sql_execute:103	-	Execute: replace into odd (game_date, home_team_id, pull_date, pull_hour, odds_type, odds_home, odds_away) values (20201202, 20, 20201201, 1, "H2H", 1.2149999999999999, 5.050000000000001);
2020-12-01 01:49:00,234  INFO:	sql::sql_execute:103	-	Execute: replace into odd (game_date, home_team_id, pull_date, pull_hour, odds_type, odds_home, odds_away) values (20201206, 25, 20201201, 1, "H2H", 2.3657142857142857, 1.6292857142857144);
2020-12-01 01:49:00,432  INFO:	sql::sql_execute:103	-	Execute: replace into odd (game_date, home_team_id, pull_date, pull_hour, odds_type, odds_home, odds_away) values (20201206, 22, 20201201, 1, "H2H", 1.1779999999999997, 5.227333333333333);
2020-12-01 01:49:00,600  INFO:	sql::sql_execute:103	-	Execute: replace into odd (game_date, home_team_id, pull_date, pull_hour, odds_type, odds_home, odds_away) values (20201206, 28, 20201201, 1, "H2H", 1.3986666666666665, 3.0773333333333333);
2020-12-01 01:49:00,783  INFO:	sql::sql_execute:103	-	Execute: replace into odd (game_date, home_team_id, pull_date, pull_hour, odds_type, odds_home, odds_away) values (20201206, 4, 20201201, 1, "H2H", 1.2307142857142856, 4.386428571428572);
2020-12-01 01:49:00,982  INFO:	sql::sql_execute:103	-	Execute: replace into odd (game_date, home_team_id, pull_date, pull_hour, odds_type, odds_home, odds_away) values (20201206, 9, 20201201, 1, "H2H", 2.527142857142857, 1.5657142857142858);
2020-12-01 01:49:01,148  INFO:	sql::sql_execute:103	-	Execute: replace into odd (game_date, home_team_id, pull_date, pull_hour, odds_type, odds_home, odds_away) values (20201206, 24, 20201201, 1, "H2H", 3.8707142857142856, 1.2764285714285712);
2020-12-01 01:49:01,331  INFO:	sql::sql_execute:103	-	Execute: replace into odd (game_date, home_team_id, pull_date, pull_hour, odds_type, odds_home, odds_away) values (20201206, 2, 20201201, 1, "H2H", 1.5873333333333333, 2.4566666666666666);
2020-12-01 01:49:01,531  INFO:	sql::sql_execute:103	-	Execute: replace into odd (game_date, home_team_id, pull_date, pull_hour, odds_type, odds_home, odds_away) values (20201206, 16, 20201201, 1, "H2H", 1.225, 2.77);
2020-12-01 01:49:01,757  INFO:	sql::sql_execute:103	-	Execute: replace into odd (game_date, home_team_id, pull_date, pull_hour, odds_type, odds_home, odds_away) values (20201206, 13, 20201201, 1, "H2H", 2.2935714285714286, 1.6621428571428574);
2020-12-01 01:49:01,949  INFO:	sql::sql_execute:103	-	Execute: replace into odd (game_date, home_team_id, pull_date, pull_hour, odds_type, odds_home, odds_away) values (20201206, 32, 20201201, 1, "H2H", 1.918, 1.922);
2020-12-01 01:49:02,123  INFO:	sql::sql_execute:103	-	Execute: replace into odd (game_date, home_team_id, pull_date, pull_hour, odds_type, odds_home, odds_away) values (20201206, 30, 20201201, 1, "H2H", 1.120909090909091, 6.242727272727273);
2020-12-01 01:49:02,315  INFO:	sql::sql_execute:103	-	Execute: replace into odd (game_date, home_team_id, pull_date, pull_hour, odds_type, odds_home, odds_away) values (20201207, 20, 20201201, 1, "H2H", 1.21, 2.87);
2020-12-01 01:49:02,499  INFO:	sql::sql_execute:103	-	Execute: replace into odd (game_date, home_team_id, pull_date, pull_hour, odds_type, odds_home, odds_away) values (20201207, 15, 20201201, 1, "H2H", 2.2670000000000003, 1.6079999999999999);
2020-12-01 01:49:02,685  INFO:	sql::sql_execute:103	-	Execute: replace into odd (game_date, home_team_id, pull_date, pull_hour, odds_type, odds_home, odds_away) values (20201202, 20, 20201201, 1, "SPREAD", -10.5, 10.5);
2020-12-01 01:49:02,865  INFO:	sql::sql_execute:103	-	Execute: replace into odd (game_date, home_team_id, pull_date, pull_hour, odds_type, odds_home, odds_away) values (20201206, 25, 20201201, 1, "SPREAD", 3.0, -3.0);
2020-12-01 01:49:03,088  INFO:	sql::sql_execute:103	-	Execute: replace into odd (game_date, home_team_id, pull_date, pull_hour, odds_type, odds_home, odds_away) values (20201206, 22, 20201201, 1, "SPREAD", -11.166666666666666, 11.166666666666666);
2020-12-01 01:49:03,289  INFO:	sql::sql_execute:103	-	Execute: replace into odd (game_date, home_team_id, pull_date, pull_hour, odds_type, odds_home, odds_away) values (20201206, 28, 20201201, 1, "SPREAD", -5.5, 5.5);
2020-12-01 01:49:03,465  INFO:	sql::sql_execute:103	-	Execute: replace into odd (game_date, home_team_id, pull_date, pull_hour, odds_type, odds_home, odds_away) values (20201206, 4, 20201201, 1, "SPREAD", -9.428571428571429, 9.428571428571429);
2020-12-01 01:49:03,649  INFO:	sql::sql_execute:103	-	Execute: replace into odd (game_date, home_team_id, pull_date, pull_hour, odds_type, odds_home, odds_away) values (20201206, 9, 20201201, 1, "SPREAD", 3.0714285714285716, -3.0714285714285716);
2020-12-01 01:49:03,822  INFO:	sql::sql_execute:103	-	Execute: replace into odd (game_date, home_team_id, pull_date, pull_hour, odds_type, odds_home, odds_away) values (20201206, 24, 20201201, 1, "SPREAD", 7.571428571428571, -7.571428571428571);
2020-12-01 01:49:04,023  INFO:	sql::sql_execute:103	-	Execute: replace into odd (game_date, home_team_id, pull_date, pull_hour, odds_type, odds_home, odds_away) values (20201206, 2, 20201201, 1, "SPREAD", -3.066666666666667, 3.066666666666667);
2020-12-01 01:49:04,224  INFO:	sql::sql_execute:103	-	Execute: replace into odd (game_date, home_team_id, pull_date, pull_hour, odds_type, odds_home, odds_away) values (20201206, 16, 20201201, 1, "SPREAD", -9.5, 9.5);
2020-12-01 01:49:04,422  INFO:	sql::sql_execute:103	-	Execute: replace into odd (game_date, home_team_id, pull_date, pull_hour, odds_type, odds_home, odds_away) values (20201206, 13, 20201201, 1, "SPREAD", 2.8214285714285716, -2.8214285714285716);
2020-12-01 01:49:04,622  INFO:	sql::sql_execute:103	-	Execute: replace into odd (game_date, home_team_id, pull_date, pull_hour, odds_type, odds_home, odds_away) values (20201206, 32, 20201201, 1, "SPREAD", -0.46153846153846156, 0.46153846153846156);
2020-12-01 01:49:04,822  INFO:	sql::sql_execute:103	-	Execute: replace into odd (game_date, home_team_id, pull_date, pull_hour, odds_type, odds_home, odds_away) values (20201206, 30, 20201201, 1, "SPREAD", -13.708333333333334, 13.708333333333334);
2020-12-01 01:49:05,008  INFO:	sql::sql_execute:103	-	Execute: replace into odd (game_date, home_team_id, pull_date, pull_hour, odds_type, odds_home, odds_away) values (20201207, 20, 20201201, 1, "SPREAD", -9.5, 9.5);
2020-12-01 01:49:05,198  INFO:	sql::sql_execute:103	-	Execute: replace into odd (game_date, home_team_id, pull_date, pull_hour, odds_type, odds_home, odds_away) values (20201207, 15, 20201201, 1, "SPREAD", 2.5454545454545454, -2.5454545454545454);
2020-12-01 01:49:59,494  INFO:	sql::sql_query:83	-	Query: select * from team_cw;
2020-12-01 01:49:59,505  INFO:	sql::sql_execute:103	-	Execute: replace into odd (game_date, home_team_id, pull_date, pull_hour, odds_type, odds_home, odds_away) values (20201202, 20, 20201201, 1, "H2H", 1.2149999999999999, 5.050000000000001);
2020-12-01 01:49:59,783  INFO:	sql::sql_execute:103	-	Execute: replace into odd (game_date, home_team_id, pull_date, pull_hour, odds_type, odds_home, odds_away) values (20201206, 25, 20201201, 1, "H2H", 2.3657142857142857, 1.6292857142857144);
2020-12-01 01:49:59,965  INFO:	sql::sql_execute:103	-	Execute: replace into odd (game_date, home_team_id, pull_date, pull_hour, odds_type, odds_home, odds_away) values (20201206, 22, 20201201, 1, "H2H", 1.1779999999999997, 5.227333333333333);
2020-12-01 01:50:00,132  INFO:	sql::sql_execute:103	-	Execute: replace into odd (game_date, home_team_id, pull_date, pull_hour, odds_type, odds_home, odds_away) values (20201206, 28, 20201201, 1, "H2H", 1.3986666666666665, 3.0773333333333333);
2020-12-01 01:50:00,323  INFO:	sql::sql_execute:103	-	Execute: replace into odd (game_date, home_team_id, pull_date, pull_hour, odds_type, odds_home, odds_away) values (20201206, 4, 20201201, 1, "H2H", 1.2307142857142856, 4.386428571428572);
2020-12-01 01:50:00,516  INFO:	sql::sql_execute:103	-	Execute: replace into odd (game_date, home_team_id, pull_date, pull_hour, odds_type, odds_home, odds_away) values (20201206, 9, 20201201, 1, "H2H", 2.527142857142857, 1.5657142857142858);
2020-12-01 01:50:00,707  INFO:	sql::sql_execute:103	-	Execute: replace into odd (game_date, home_team_id, pull_date, pull_hour, odds_type, odds_home, odds_away) values (20201206, 24, 20201201, 1, "H2H", 3.8707142857142856, 1.2764285714285712);
2020-12-01 01:50:00,883  INFO:	sql::sql_execute:103	-	Execute: replace into odd (game_date, home_team_id, pull_date, pull_hour, odds_type, odds_home, odds_away) values (20201206, 2, 20201201, 1, "H2H", 1.5873333333333333, 2.4566666666666666);
2020-12-01 01:50:01,049  INFO:	sql::sql_execute:103	-	Execute: replace into odd (game_date, home_team_id, pull_date, pull_hour, odds_type, odds_home, odds_away) values (20201206, 16, 20201201, 1, "H2H", 1.225, 2.77);
2020-12-01 01:50:01,240  INFO:	sql::sql_execute:103	-	Execute: replace into odd (game_date, home_team_id, pull_date, pull_hour, odds_type, odds_home, odds_away) values (20201206, 13, 20201201, 1, "H2H", 2.2935714285714286, 1.6621428571428574);
2020-12-01 01:50:01,433  INFO:	sql::sql_execute:103	-	Execute: replace into odd (game_date, home_team_id, pull_date, pull_hour, odds_type, odds_home, odds_away) values (20201206, 32, 20201201, 1, "H2H", 1.918, 1.922);
2020-12-01 01:50:01,674  INFO:	sql::sql_execute:103	-	Execute: replace into odd (game_date, home_team_id, pull_date, pull_hour, odds_type, odds_home, odds_away) values (20201206, 30, 20201201, 1, "H2H", 1.120909090909091, 6.242727272727273);
2020-12-01 01:50:01,850  INFO:	sql::sql_execute:103	-	Execute: replace into odd (game_date, home_team_id, pull_date, pull_hour, odds_type, odds_home, odds_away) values (20201207, 20, 20201201, 1, "H2H", 1.21, 2.87);
2020-12-01 01:50:02,042  INFO:	sql::sql_execute:103	-	Execute: replace into odd (game_date, home_team_id, pull_date, pull_hour, odds_type, odds_home, odds_away) values (20201207, 15, 20201201, 1, "H2H", 2.2670000000000003, 1.6079999999999999);
2020-12-01 01:50:02,207  INFO:	sql::sql_execute:103	-	Execute: replace into odd (game_date, home_team_id, pull_date, pull_hour, odds_type, odds_home, odds_away) values (20201202, 20, 20201201, 1, "SPREAD", -10.5, 10.5);
2020-12-01 01:50:02,399  INFO:	sql::sql_execute:103	-	Execute: replace into odd (game_date, home_team_id, pull_date, pull_hour, odds_type, odds_home, odds_away) values (20201206, 25, 20201201, 1, "SPREAD", 3.0, -3.0);
2020-12-01 01:50:02,591  INFO:	sql::sql_execute:103	-	Execute: replace into odd (game_date, home_team_id, pull_date, pull_hour, odds_type, odds_home, odds_away) values (20201206, 22, 20201201, 1, "SPREAD", -11.166666666666666, 11.166666666666666);
2020-12-01 01:50:02,782  INFO:	sql::sql_execute:103	-	Execute: replace into odd (game_date, home_team_id, pull_date, pull_hour, odds_type, odds_home, odds_away) values (20201206, 28, 20201201, 1, "SPREAD", -5.5, 5.5);
2020-12-01 01:50:02,965  INFO:	sql::sql_execute:103	-	Execute: replace into odd (game_date, home_team_id, pull_date, pull_hour, odds_type, odds_home, odds_away) values (20201206, 4, 20201201, 1, "SPREAD", -9.428571428571429, 9.428571428571429);
2020-12-01 01:50:03,149  INFO:	sql::sql_execute:103	-	Execute: replace into odd (game_date, home_team_id, pull_date, pull_hour, odds_type, odds_home, odds_away) values (20201206, 9, 20201201, 1, "SPREAD", 3.0714285714285716, -3.0714285714285716);
2020-12-01 01:50:03,333  INFO:	sql::sql_execute:103	-	Execute: replace into odd (game_date, home_team_id, pull_date, pull_hour, odds_type, odds_home, odds_away) values (20201206, 24, 20201201, 1, "SPREAD", 7.571428571428571, -7.571428571428571);
2020-12-01 01:50:03,508  INFO:	sql::sql_execute:103	-	Execute: replace into odd (game_date, home_team_id, pull_date, pull_hour, odds_type, odds_home, odds_away) values (20201206, 2, 20201201, 1, "SPREAD", -3.066666666666667, 3.066666666666667);
2020-12-01 01:50:03,682  INFO:	sql::sql_execute:103	-	Execute: replace into odd (game_date, home_team_id, pull_date, pull_hour, odds_type, odds_home, odds_away) values (20201206, 16, 20201201, 1, "SPREAD", -9.5, 9.5);
2020-12-01 01:50:03,859  INFO:	sql::sql_execute:103	-	Execute: replace into odd (game_date, home_team_id, pull_date, pull_hour, odds_type, odds_home, odds_away) values (20201206, 13, 20201201, 1, "SPREAD", 2.8214285714285716, -2.8214285714285716);
2020-12-01 01:50:04,105  INFO:	sql::sql_execute:103	-	Execute: replace into odd (game_date, home_team_id, pull_date, pull_hour, odds_type, odds_home, odds_away) values (20201206, 32, 20201201, 1, "SPREAD", -0.46153846153846156, 0.46153846153846156);
2020-12-01 01:50:04,291  INFO:	sql::sql_execute:103	-	Execute: replace into odd (game_date, home_team_id, pull_date, pull_hour, odds_type, odds_home, odds_away) values (20201206, 30, 20201201, 1, "SPREAD", -13.708333333333334, 13.708333333333334);
2020-12-01 01:50:04,474  INFO:	sql::sql_execute:103	-	Execute: replace into odd (game_date, home_team_id, pull_date, pull_hour, odds_type, odds_home, odds_away) values (20201207, 20, 20201201, 1, "SPREAD", -9.5, 9.5);
2020-12-01 01:50:04,650  INFO:	sql::sql_execute:103	-	Execute: replace into odd (game_date, home_team_id, pull_date, pull_hour, odds_type, odds_home, odds_away) values (20201207, 15, 20201201, 1, "SPREAD", 2.5454545454545454, -2.5454545454545454);
2020-12-01 01:51:41,094  INFO:	sql::sql_query:83	-	Query: select * from team_cw;
2020-12-01 01:51:41,099  INFO:	sql::sql_execute:103	-	Execute: replace into odd (game_date, home_team_id, pull_date, pull_hour, odds_type, odds_home, odds_away) values (20201202, 20, 20201201, 1, "H2H", 1.2149999999999999, 5.050000000000001);
2020-12-01 01:51:41,267  INFO:	sql::sql_execute:103	-	Execute: replace into odd (game_date, home_team_id, pull_date, pull_hour, odds_type, odds_home, odds_away) values (20201206, 25, 20201201, 1, "H2H", 2.3657142857142857, 1.6292857142857144);
2020-12-01 01:51:41,449  INFO:	sql::sql_execute:103	-	Execute: replace into odd (game_date, home_team_id, pull_date, pull_hour, odds_type, odds_home, odds_away) values (20201206, 22, 20201201, 1, "H2H", 1.1779999999999997, 5.227333333333333);
2020-12-01 01:51:41,615  INFO:	sql::sql_execute:103	-	Execute: replace into odd (game_date, home_team_id, pull_date, pull_hour, odds_type, odds_home, odds_away) values (20201206, 28, 20201201, 1, "H2H", 1.3986666666666665, 3.0773333333333333);
2020-12-01 01:51:42,009  INFO:	sql::sql_execute:103	-	Execute: replace into odd (game_date, home_team_id, pull_date, pull_hour, odds_type, odds_home, odds_away) values (20201206, 4, 20201201, 1, "H2H", 1.2307142857142856, 4.386428571428572);
2020-12-01 01:51:42,176  INFO:	sql::sql_execute:103	-	Execute: replace into odd (game_date, home_team_id, pull_date, pull_hour, odds_type, odds_home, odds_away) values (20201206, 9, 20201201, 1, "H2H", 2.527142857142857, 1.5657142857142858);
2020-12-01 01:51:42,357  INFO:	sql::sql_execute:103	-	Execute: replace into odd (game_date, home_team_id, pull_date, pull_hour, odds_type, odds_home, odds_away) values (20201206, 24, 20201201, 1, "H2H", 3.8707142857142856, 1.2764285714285712);
2020-12-01 01:51:42,525  INFO:	sql::sql_execute:103	-	Execute: replace into odd (game_date, home_team_id, pull_date, pull_hour, odds_type, odds_home, odds_away) values (20201206, 2, 20201201, 1, "H2H", 1.5873333333333333, 2.4566666666666666);
2020-12-01 01:51:42,708  INFO:	sql::sql_execute:103	-	Execute: replace into odd (game_date, home_team_id, pull_date, pull_hour, odds_type, odds_home, odds_away) values (20201206, 16, 20201201, 1, "H2H", 1.225, 2.77);
2020-12-01 01:51:42,875  INFO:	sql::sql_execute:103	-	Execute: replace into odd (game_date, home_team_id, pull_date, pull_hour, odds_type, odds_home, odds_away) values (20201206, 13, 20201201, 1, "H2H", 2.2935714285714286, 1.6621428571428574);
2020-12-01 01:51:43,059  INFO:	sql::sql_execute:103	-	Execute: replace into odd (game_date, home_team_id, pull_date, pull_hour, odds_type, odds_home, odds_away) values (20201206, 32, 20201201, 1, "H2H", 1.918, 1.922);
2020-12-01 01:51:43,232  INFO:	sql::sql_execute:103	-	Execute: replace into odd (game_date, home_team_id, pull_date, pull_hour, odds_type, odds_home, odds_away) values (20201206, 30, 20201201, 1, "H2H", 1.120909090909091, 6.242727272727273);
2020-12-01 01:51:43,424  INFO:	sql::sql_execute:103	-	Execute: replace into odd (game_date, home_team_id, pull_date, pull_hour, odds_type, odds_home, odds_away) values (20201207, 20, 20201201, 1, "H2H", 1.21, 2.87);
2020-12-01 01:51:43,624  INFO:	sql::sql_execute:103	-	Execute: replace into odd (game_date, home_team_id, pull_date, pull_hour, odds_type, odds_home, odds_away) values (20201207, 15, 20201201, 1, "H2H", 2.2670000000000003, 1.6079999999999999);
2020-12-01 01:51:43,827  INFO:	sql::sql_execute:103	-	Execute: replace into odd (game_date, home_team_id, pull_date, pull_hour, odds_type, odds_home, odds_away) values (20201202, 20, 20201201, 1, "SPREAD", -10.5, 10.5);
2020-12-01 01:51:44,023  INFO:	sql::sql_execute:103	-	Execute: replace into odd (game_date, home_team_id, pull_date, pull_hour, odds_type, odds_home, odds_away) values (20201206, 25, 20201201, 1, "SPREAD", 3.0, -3.0);
2020-12-01 01:51:44,217  INFO:	sql::sql_execute:103	-	Execute: replace into odd (game_date, home_team_id, pull_date, pull_hour, odds_type, odds_home, odds_away) values (20201206, 22, 20201201, 1, "SPREAD", -11.166666666666666, 11.166666666666666);
2020-12-01 01:51:44,400  INFO:	sql::sql_execute:103	-	Execute: replace into odd (game_date, home_team_id, pull_date, pull_hour, odds_type, odds_home, odds_away) values (20201206, 28, 20201201, 1, "SPREAD", -5.5, 5.5);
2020-12-01 01:51:44,600  INFO:	sql::sql_execute:103	-	Execute: replace into odd (game_date, home_team_id, pull_date, pull_hour, odds_type, odds_home, odds_away) values (20201206, 4, 20201201, 1, "SPREAD", -9.428571428571429, 9.428571428571429);
2020-12-01 01:51:44,800  INFO:	sql::sql_execute:103	-	Execute: replace into odd (game_date, home_team_id, pull_date, pull_hour, odds_type, odds_home, odds_away) values (20201206, 9, 20201201, 1, "SPREAD", 3.0714285714285716, -3.0714285714285716);
2020-12-01 01:51:44,973  INFO:	sql::sql_execute:103	-	Execute: replace into odd (game_date, home_team_id, pull_date, pull_hour, odds_type, odds_home, odds_away) values (20201206, 24, 20201201, 1, "SPREAD", 7.571428571428571, -7.571428571428571);
2020-12-01 01:51:45,165  INFO:	sql::sql_execute:103	-	Execute: replace into odd (game_date, home_team_id, pull_date, pull_hour, odds_type, odds_home, odds_away) values (20201206, 2, 20201201, 1, "SPREAD", -3.066666666666667, 3.066666666666667);
2020-12-01 01:51:45,358  INFO:	sql::sql_execute:103	-	Execute: replace into odd (game_date, home_team_id, pull_date, pull_hour, odds_type, odds_home, odds_away) values (20201206, 16, 20201201, 1, "SPREAD", -9.5, 9.5);
2020-12-01 01:51:45,565  INFO:	sql::sql_execute:103	-	Execute: replace into odd (game_date, home_team_id, pull_date, pull_hour, odds_type, odds_home, odds_away) values (20201206, 13, 20201201, 1, "SPREAD", 2.8214285714285716, -2.8214285714285716);
2020-12-01 01:51:45,757  INFO:	sql::sql_execute:103	-	Execute: replace into odd (game_date, home_team_id, pull_date, pull_hour, odds_type, odds_home, odds_away) values (20201206, 32, 20201201, 1, "SPREAD", -0.46153846153846156, 0.46153846153846156);
2020-12-01 01:51:45,949  INFO:	sql::sql_execute:103	-	Execute: replace into odd (game_date, home_team_id, pull_date, pull_hour, odds_type, odds_home, odds_away) values (20201206, 30, 20201201, 1, "SPREAD", -13.708333333333334, 13.708333333333334);
2020-12-01 01:51:46,143  INFO:	sql::sql_execute:103	-	Execute: replace into odd (game_date, home_team_id, pull_date, pull_hour, odds_type, odds_home, odds_away) values (20201207, 20, 20201201, 1, "SPREAD", -9.5, 9.5);
2020-12-01 01:51:46,325  INFO:	sql::sql_execute:103	-	Execute: replace into odd (game_date, home_team_id, pull_date, pull_hour, odds_type, odds_home, odds_away) values (20201207, 15, 20201201, 1, "SPREAD", 2.5454545454545454, -2.5454545454545454);
2020-12-01 01:53:13,759  INFO:	sql::sql_query:83	-	Query: select * from team_cw;
2020-12-01 01:53:13,768  INFO:	sql::sql_execute:103	-	Execute: replace into odd (game_date, home_team_id, pull_date, pull_hour, odds_type, odds_home, odds_away) values (20201202, 20, 20201201, 1, "H2H", 1.2149999999999999, 5.050000000000001);
2020-12-01 01:53:13,942  INFO:	sql::sql_execute:103	-	Execute: replace into odd (game_date, home_team_id, pull_date, pull_hour, odds_type, odds_home, odds_away) values (20201206, 25, 20201201, 1, "H2H", 2.3657142857142857, 1.6292857142857144);
2020-12-01 01:53:14,115  INFO:	sql::sql_execute:103	-	Execute: replace into odd (game_date, home_team_id, pull_date, pull_hour, odds_type, odds_home, odds_away) values (20201206, 22, 20201201, 1, "H2H", 1.1779999999999997, 5.227333333333333);
2020-12-01 01:53:14,290  INFO:	sql::sql_execute:103	-	Execute: replace into odd (game_date, home_team_id, pull_date, pull_hour, odds_type, odds_home, odds_away) values (20201206, 28, 20201201, 1, "H2H", 1.3986666666666665, 3.0773333333333333);
2020-12-01 01:53:14,484  INFO:	sql::sql_execute:103	-	Execute: replace into odd (game_date, home_team_id, pull_date, pull_hour, odds_type, odds_home, odds_away) values (20201206, 4, 20201201, 1, "H2H", 1.2307142857142856, 4.386428571428572);
2020-12-01 01:53:14,673  INFO:	sql::sql_execute:103	-	Execute: replace into odd (game_date, home_team_id, pull_date, pull_hour, odds_type, odds_home, odds_away) values (20201206, 9, 20201201, 1, "H2H", 2.527142857142857, 1.5657142857142858);
2020-12-01 01:53:14,873  INFO:	sql::sql_execute:103	-	Execute: replace into odd (game_date, home_team_id, pull_date, pull_hour, odds_type, odds_home, odds_away) values (20201206, 24, 20201201, 1, "H2H", 3.8707142857142856, 1.2764285714285712);
2020-12-01 01:53:15,074  INFO:	sql::sql_execute:103	-	Execute: replace into odd (game_date, home_team_id, pull_date, pull_hour, odds_type, odds_home, odds_away) values (20201206, 2, 20201201, 1, "H2H", 1.5873333333333333, 2.4566666666666666);
2020-12-01 01:53:15,274  INFO:	sql::sql_execute:103	-	Execute: replace into odd (game_date, home_team_id, pull_date, pull_hour, odds_type, odds_home, odds_away) values (20201206, 16, 20201201, 1, "H2H", 1.225, 2.77);
2020-12-01 01:53:15,474  INFO:	sql::sql_execute:103	-	Execute: replace into odd (game_date, home_team_id, pull_date, pull_hour, odds_type, odds_home, odds_away) values (20201206, 13, 20201201, 1, "H2H", 2.2935714285714286, 1.6621428571428574);
2020-12-01 01:53:15,673  INFO:	sql::sql_execute:103	-	Execute: replace into odd (game_date, home_team_id, pull_date, pull_hour, odds_type, odds_home, odds_away) values (20201206, 32, 20201201, 1, "H2H", 1.918, 1.922);
2020-12-01 01:53:15,875  INFO:	sql::sql_execute:103	-	Execute: replace into odd (game_date, home_team_id, pull_date, pull_hour, odds_type, odds_home, odds_away) values (20201206, 30, 20201201, 1, "H2H", 1.120909090909091, 6.242727272727273);
2020-12-01 01:53:16,081  INFO:	sql::sql_execute:103	-	Execute: replace into odd (game_date, home_team_id, pull_date, pull_hour, odds_type, odds_home, odds_away) values (20201207, 20, 20201201, 1, "H2H", 1.21, 2.87);
2020-12-01 01:53:16,275  INFO:	sql::sql_execute:103	-	Execute: replace into odd (game_date, home_team_id, pull_date, pull_hour, odds_type, odds_home, odds_away) values (20201207, 15, 20201201, 1, "H2H", 2.2670000000000003, 1.6079999999999999);
2020-12-01 01:53:16,475  INFO:	sql::sql_execute:103	-	Execute: replace into odd (game_date, home_team_id, pull_date, pull_hour, odds_type, odds_home, odds_away) values (20201202, 20, 20201201, 1, "SPREAD", -10.5, 10.5);
2020-12-01 01:53:16,676  INFO:	sql::sql_execute:103	-	Execute: replace into odd (game_date, home_team_id, pull_date, pull_hour, odds_type, odds_home, odds_away) values (20201206, 25, 20201201, 1, "SPREAD", 3.0, -3.0);
2020-12-01 01:53:16,866  INFO:	sql::sql_execute:103	-	Execute: replace into odd (game_date, home_team_id, pull_date, pull_hour, odds_type, odds_home, odds_away) values (20201206, 22, 20201201, 1, "SPREAD", -11.166666666666666, 11.166666666666666);
2020-12-01 01:53:17,057  INFO:	sql::sql_execute:103	-	Execute: replace into odd (game_date, home_team_id, pull_date, pull_hour, odds_type, odds_home, odds_away) values (20201206, 28, 20201201, 1, "SPREAD", -5.5, 5.5);
2020-12-01 01:53:17,242  INFO:	sql::sql_execute:103	-	Execute: replace into odd (game_date, home_team_id, pull_date, pull_hour, odds_type, odds_home, odds_away) values (20201206, 4, 20201201, 1, "SPREAD", -9.428571428571429, 9.428571428571429);
2020-12-01 01:53:17,498  INFO:	sql::sql_execute:103	-	Execute: replace into odd (game_date, home_team_id, pull_date, pull_hour, odds_type, odds_home, odds_away) values (20201206, 9, 20201201, 1, "SPREAD", 3.0714285714285716, -3.0714285714285716);
2020-12-01 01:53:17,749  INFO:	sql::sql_execute:103	-	Execute: replace into odd (game_date, home_team_id, pull_date, pull_hour, odds_type, odds_home, odds_away) values (20201206, 24, 20201201, 1, "SPREAD", 7.571428571428571, -7.571428571428571);
2020-12-01 01:53:17,932  INFO:	sql::sql_execute:103	-	Execute: replace into odd (game_date, home_team_id, pull_date, pull_hour, odds_type, odds_home, odds_away) values (20201206, 2, 20201201, 1, "SPREAD", -3.066666666666667, 3.066666666666667);
2020-12-01 01:53:18,133  INFO:	sql::sql_execute:103	-	Execute: replace into odd (game_date, home_team_id, pull_date, pull_hour, odds_type, odds_home, odds_away) values (20201206, 16, 20201201, 1, "SPREAD", -9.5, 9.5);
2020-12-01 01:53:18,317  INFO:	sql::sql_execute:103	-	Execute: replace into odd (game_date, home_team_id, pull_date, pull_hour, odds_type, odds_home, odds_away) values (20201206, 13, 20201201, 1, "SPREAD", 2.8214285714285716, -2.8214285714285716);
2020-12-01 01:53:18,498  INFO:	sql::sql_execute:103	-	Execute: replace into odd (game_date, home_team_id, pull_date, pull_hour, odds_type, odds_home, odds_away) values (20201206, 32, 20201201, 1, "SPREAD", -0.46153846153846156, 0.46153846153846156);
2020-12-01 01:53:18,683  INFO:	sql::sql_execute:103	-	Execute: replace into odd (game_date, home_team_id, pull_date, pull_hour, odds_type, odds_home, odds_away) values (20201206, 30, 20201201, 1, "SPREAD", -13.708333333333334, 13.708333333333334);
2020-12-01 01:53:18,874  INFO:	sql::sql_execute:103	-	Execute: replace into odd (game_date, home_team_id, pull_date, pull_hour, odds_type, odds_home, odds_away) values (20201207, 20, 20201201, 1, "SPREAD", -9.5, 9.5);
2020-12-01 01:53:19,241  INFO:	sql::sql_execute:103	-	Execute: replace into odd (game_date, home_team_id, pull_date, pull_hour, odds_type, odds_home, odds_away) values (20201207, 15, 20201201, 1, "SPREAD", 2.5454545454545454, -2.5454545454545454);
